<?xml version="1.0" encoding="windows-1252" standalone="no"?>
<!DOCTYPE log SYSTEM "logger.dtd">
<log>
<record>
  <date>2014-05-31T21:58:48</date>
  <millis>1401598728838</millis>
  <sequence>0</sequence>
  <logger>DPSS</logger>
  <level>INFO</level>
  <class>idlInterface.Log</class>
  <method>Info</method>
  <thread>1</thread>
  <message>Server started.</message>
</record>
<record>
  <date>2014-05-31T21:58:48</date>
  <millis>1401598728855</millis>
  <sequence>1</sequence>
  <logger>DPSS</logger>
  <level>INFO</level>
  <class>idlInterface.Log</class>
  <method>Info</method>
  <thread>1</thread>
  <message>Socket created for Receiving status request from other servers at 6789...</message>
</record>
<record>
  <date>2014-05-31T21:59:16</date>
  <millis>1401598756777</millis>
  <sequence>2</sequence>
  <logger>DPSS</logger>
  <level>INFO</level>
  <class>idlInterface.Log</class>
  <method>Info</method>
  <thread>1</thread>
  <message>Status request Received from server located at.../127.0.0.1</message>
</record>
<record>
  <date>2014-05-31T21:59:16</date>
  <millis>1401598756778</millis>
  <sequence>3</sequence>
  <logger>DPSS</logger>
  <level>INFO</level>
  <class>idlInterface.Log</class>
  <method>Info</method>
  <thread>1</thread>
  <message>Status request Sent to server located at.../127.0.0.1</message>
</record>
<record>
  <date>2014-05-31T22:00:10</date>
  <millis>1401598810814</millis>
  <sequence>4</sequence>
  <logger>DPSS</logger>
  <level>INFO</level>
  <class>idlInterface.Log</class>
  <method>Info</method>
  <thread>1</thread>
  <message>Status request Received from server located at.../127.0.0.1</message>
</record>
<record>
  <date>2014-05-31T22:00:10</date>
  <millis>1401598810816</millis>
  <sequence>5</sequence>
  <logger>DPSS</logger>
  <level>INFO</level>
  <class>idlInterface.Log</class>
  <method>Info</method>
  <thread>1</thread>
  <message>Status request Sent to server located at.../127.0.0.1</message>
</record>
